[debug] [2018-08-21T02:29:42.400Z] ----------------------------------------------------------------------
[debug] [2018-08-21T02:29:42.402Z] Command:       /usr/local/bin/node /usr/local/bin/firebase deploy
[debug] [2018-08-21T02:29:42.402Z] CLI Version:   4.1.2
[debug] [2018-08-21T02:29:42.403Z] Platform:      darwin
[debug] [2018-08-21T02:29:42.403Z] Node Version:  v9.10.1
[debug] [2018-08-21T02:29:42.403Z] Time:          Mon Aug 20 2018 23:29:42 GMT-0300 (-03)
[debug] [2018-08-21T02:29:42.404Z] ----------------------------------------------------------------------
[debug] 
[debug] [2018-08-21T02:29:42.424Z] > command requires scopes: ["email","openid","https://www.googleapis.com/auth/cloudplatformprojects.readonly","https://www.googleapis.com/auth/firebase","https://www.googleapis.com/auth/cloud-platform"]
[debug] [2018-08-21T02:29:42.425Z] > authorizing via signed-in user
[debug] [2018-08-21T02:29:42.432Z] >>> HTTP REQUEST GET https://admin.firebase.com/v1/projects/rsvp-72eb4  
 
[debug] [2018-08-21T02:29:43.534Z] <<< HTTP RESPONSE 200
[info] 
[info] === Deploying to 'rsvp-72eb4'...
[info] 
[info] i  deploying hosting
[debug] [2018-08-21T02:29:43.543Z] >>> HTTP REQUEST POST https://firebasehosting.googleapis.com/v1beta1/sites/rsvp-72eb4/versions  

[debug] [2018-08-21T02:29:45.471Z] <<< HTTP RESPONSE 200
[info] i  hosting: found 11 files in public directory
[debug] [2018-08-21T02:29:45.581Z] [hosting] hash cache [0] stored for 11 files
[debug] [2018-08-21T02:29:45.581Z] [hosting][hash queue][FINAL]
[debug] [2018-08-21T02:29:45.581Z] >>> HTTP REQUEST POST https://firebasehosting.googleapis.com/v1beta1/sites/rsvp-72eb4/versions/fdc570ac18e8fd5a:populateFiles  
 <request body omitted>
[debug] [2018-08-21T02:29:47.309Z] <<< HTTP RESPONSE 200
[debug] [2018-08-21T02:29:47.316Z] [hosting][populate queue][FINAL]
[debug] [2018-08-21T02:29:47.316Z] [hosting] uploads queued: 5
